#
# There is insufficient memory for the Java Runtime Environment to continue.
# Native memory allocation (malloc) failed to allocate 1018336 bytes for Chunk::new
# Possible reasons:
#   The system is out of physical RAM or swap space
#   The process is running with CompressedOops enabled, and the Java Heap may be blocking the growth of the native heap
# Possible solutions:
#   Reduce memory load on the system
#   Increase physical memory or swap space
#   Check if swap backing store is full
#   Decrease Java heap size (-Xmx/-Xms)
#   Decrease number of Java threads
#   Decrease Java thread stack sizes (-Xss)
#   Set larger code cache with -XX:ReservedCodeCacheSize=
#   JVM is running with Unscaled Compressed Oops mode in which the Java heap is
#     placed in the first 4GB address space. The Java Heap base address is the
#     maximum limit for the native heap growth. Please use -XX:HeapBaseMinAddress
#     to set the Java Heap base and to place the Java Heap above 4GB virtual address.
# This output file may be truncated or incomplete.
#
#  Out of Memory Error (./src/hotspot/share/memory/arena.cpp:197), pid=4060, tid=11524
#
# JRE version: OpenJDK Runtime Environment (11.0.11+9) (build 11.0.11+9-b60-7590822)
# Java VM: OpenJDK 64-Bit Server VM (11.0.11+9-b60-7590822, mixed mode, tiered, compressed oops, g1 gc, windows-amd64)
# No core dump will be written. Minidumps are not enabled by default on client versions of Windows
#

---------------  S U M M A R Y ------------

Command Line: --add-opens=java.base/java.util=ALL-UNNAMED --add-opens=java.base/java.lang=ALL-UNNAMED --add-opens=java.base/java.lang.invoke=ALL-UNNAMED --add-opens=java.base/java.util=ALL-UNNAMED --add-opens=java.prefs/java.util.prefs=ALL-UNNAMED --add-opens=java.prefs/java.util.prefs=ALL-UNNAMED --add-opens=java.base/java.nio.charset=ALL-UNNAMED --add-opens=java.base/java.net=ALL-UNNAMED --add-opens=java.base/java.util.concurrent.atomic=ALL-UNNAMED -Xmx2048m -Dfile.encoding=UTF-8 -Duser.country=US -Duser.language=en -Duser.variant org.gradle.launcher.daemon.bootstrap.GradleDaemon 7.2

Host: Intel(R) Core(TM) i7-10810U CPU @ 1.10GHz, 12 cores, 15G,  Windows 10 , 64 bit Build 19041 (10.0.19041.2913)
Time: Sun May 28 13:49:32 2023 India Standard Time elapsed time: 6.708278 seconds (0d 0h 0m 6s)

---------------  T H R E A D  ---------------

Current thread (0x0000027ffe3d4800):  JavaThread "C2 CompilerThread0" daemon [_thread_in_native, id=11524, stack(0x000000f5d2400000,0x000000f5d2500000)]


Current CompileTask:
C2:   6708 2735       4       jdk.internal.loader.URLClassPath::getResource (74 bytes)

Stack: [0x000000f5d2400000,0x000000f5d2500000]
Native frames: (J=compiled Java code, j=interpreted, Vv=VM code, C=native code)
V  [jvm.dll+0x5f214a]
V  [jvm.dll+0x726fb5]
V  [jvm.dll+0x7285cd]
V  [jvm.dll+0x728c83]
V  [jvm.dll+0x243278]
V  [jvm.dll+0xbc53c]
V  [jvm.dll+0xbca3c]
V  [jvm.dll+0x2b5c34]
V  [jvm.dll+0x508488]
V  [jvm.dll+0x203d53]
V  [jvm.dll+0x1fdbac]
V  [jvm.dll+0x1fb35f]
V  [jvm.dll+0x183d6c]
V  [jvm.dll+0x209a57]
V  [jvm.dll+0x2082a1]
V  [jvm.dll+0x6ef58f]
V  [jvm.dll+0x6e80b5]
V  [jvm.dll+0x5f1036]
C  [ucrtbase.dll+0x21bb2]
C  [KERNEL32.DLL+0x17614]
C  [ntdll.dll+0x526a1]


---------------  P R O C E S S  ---------------

Threads class SMR info:
_java_thread_list=0x0000027f819870a0, length=44, elements={
0x0000027fe2a6b000, 0x0000027ffe362800, 0x0000027ffe366000, 0x0000027ffe3c5000,
0x0000027ffe3c6000, 0x0000027ffe3c8800, 0x0000027ffe3d4800, 0x0000027ffe3d9000,
0x0000027ffe3da000, 0x0000027ffe544800, 0x0000027f81086800, 0x0000027ffe72e800,
0x0000027f820b3000, 0x0000027f81fe8000, 0x0000027f81b7d000, 0x0000027f80b86000,
0x0000027f820f6000, 0x0000027f81e16800, 0x0000027f81af8800, 0x0000027f81276800,
0x0000027f81277800, 0x0000027f81278000, 0x0000027f81279000, 0x0000027f82469800,
0x0000027f8246f000, 0x0000027f8246e800, 0x0000027f8246c800, 0x0000027f82470000,
0x0000027f8246d800, 0x0000027f8246a800, 0x0000027f82471000, 0x0000027f8246b000,
0x0000027f8246c000, 0x0000027f82472800, 0x0000027f82475000, 0x0000027f82471800,
0x0000027f82473000, 0x0000027f82476800, 0x0000027f82474000, 0x0000027f82477800,
0x0000027f82475800, 0x0000027f82478000, 0x0000027f81c49000, 0x0000027f83999800
}

Java Threads: ( => current thread )
  0x0000027fe2a6b000 JavaThread "main" [_thread_blocked, id=15628, stack(0x000000f5d1800000,0x000000f5d1900000)]
  0x0000027ffe362800 JavaThread "Reference Handler" daemon [_thread_blocked, id=10028, stack(0x000000f5d1f00000,0x000000f5d2000000)]
  0x0000027ffe366000 JavaThread "Finalizer" daemon [_thread_blocked, id=7836, stack(0x000000f5d2000000,0x000000f5d2100000)]
  0x0000027ffe3c5000 JavaThread "Signal Dispatcher" daemon [_thread_blocked, id=8232, stack(0x000000f5d2100000,0x000000f5d2200000)]
  0x0000027ffe3c6000 JavaThread "Attach Listener" daemon [_thread_blocked, id=8196, stack(0x000000f5d2200000,0x000000f5d2300000)]
  0x0000027ffe3c8800 JavaThread "Service Thread" daemon [_thread_blocked, id=6800, stack(0x000000f5d2300000,0x000000f5d2400000)]
=>0x0000027ffe3d4800 JavaThread "C2 CompilerThread0" daemon [_thread_in_native, id=11524, stack(0x000000f5d2400000,0x000000f5d2500000)]
  0x0000027ffe3d9000 JavaThread "C1 CompilerThread0" daemon [_thread_blocked, id=15028, stack(0x000000f5d2500000,0x000000f5d2600000)]
  0x0000027ffe3da000 JavaThread "Sweeper thread" daemon [_thread_blocked, id=11428, stack(0x000000f5d2600000,0x000000f5d2700000)]
  0x0000027ffe544800 JavaThread "Common-Cleaner" daemon [_thread_blocked, id=9924, stack(0x000000f5d2700000,0x000000f5d2800000)]
  0x0000027f81086800 JavaThread "Daemon health stats" [_thread_blocked, id=11488, stack(0x000000f5d3000000,0x000000f5d3100000)]
  0x0000027ffe72e800 JavaThread "Incoming local TCP Connector on port 64044" [_thread_in_native, id=12308, stack(0x000000f5d2900000,0x000000f5d2a00000)]
  0x0000027f820b3000 JavaThread "Daemon periodic checks" [_thread_blocked, id=13936, stack(0x000000f5d2f00000,0x000000f5d3000000)]
  0x0000027f81fe8000 JavaThread "Daemon" [_thread_blocked, id=14320, stack(0x000000f5d3100000,0x000000f5d3200000)]
  0x0000027f81b7d000 JavaThread "Handler for socket connection from /127.0.0.1:64044 to /127.0.0.1:64045" [_thread_in_native, id=15284, stack(0x000000f5d3200000,0x000000f5d3300000)]
  0x0000027f80b86000 JavaThread "Cancel handler" [_thread_blocked, id=9340, stack(0x000000f5d3300000,0x000000f5d3400000)]
  0x0000027f820f6000 JavaThread "Daemon worker" [_thread_in_vm, id=14132, stack(0x000000f5d3400000,0x000000f5d3500000)]
  0x0000027f81e16800 JavaThread "Asynchronous log dispatcher for DefaultDaemonConnection: socket connection from /127.0.0.1:64044 to /127.0.0.1:64045" [_thread_blocked, id=15232, stack(0x000000f5d3500000,0x000000f5d3600000)]
  0x0000027f81af8800 JavaThread "Stdin handler" [_thread_blocked, id=2412, stack(0x000000f5d3600000,0x000000f5d3700000)]
  0x0000027f81276800 JavaThread "Daemon client event forwarder" [_thread_blocked, id=14276, stack(0x000000f5d3700000,0x000000f5d3800000)]
  0x0000027f81277800 JavaThread "Cache worker for journal cache (C:\Users\anike\.gradle\caches\journal-1)" [_thread_blocked, id=6356, stack(0x000000f5d3800000,0x000000f5d3900000)]
  0x0000027f81278000 JavaThread "File lock request listener" [_thread_in_native, id=8992, stack(0x000000f5d3900000,0x000000f5d3a00000)]
  0x0000027f81279000 JavaThread "Cache worker for file hash cache (C:\Users\anike\.gradle\caches\7.2\fileHashes)" [_thread_blocked, id=14432, stack(0x000000f5d4000000,0x000000f5d4100000)]
  0x0000027f82469800 JavaThread "Cache worker for file hash cache (E:\GoogleHomepage20BCE10123\.gradle\7.2\fileHashes)" [_thread_blocked, id=2928, stack(0x000000f5d4200000,0x000000f5d4300000)]
  0x0000027f8246f000 JavaThread "File watcher server" daemon [_thread_in_native, id=11484, stack(0x000000f5d4300000,0x000000f5d4400000)]
  0x0000027f8246e800 JavaThread "File watcher consumer" daemon [_thread_blocked, id=2748, stack(0x000000f5d4400000,0x000000f5d4500000)]
  0x0000027f8246c800 JavaThread "jar transforms" [_thread_blocked, id=4988, stack(0x000000f5d4600000,0x000000f5d4700000)]
  0x0000027f82470000 JavaThread "jar transforms Thread 2" [_thread_blocked, id=13788, stack(0x000000f5d4700000,0x000000f5d4800000)]
  0x0000027f8246d800 JavaThread "jar transforms Thread 3" [_thread_blocked, id=5920, stack(0x000000f5d4800000,0x000000f5d4900000)]
  0x0000027f8246a800 JavaThread "jar transforms Thread 4" [_thread_blocked, id=15936, stack(0x000000f5d4900000,0x000000f5d4a00000)]
  0x0000027f82471000 JavaThread "jar transforms Thread 5" [_thread_blocked, id=14524, stack(0x000000f5d4a00000,0x000000f5d4b00000)]
  0x0000027f8246b000 JavaThread "jar transforms Thread 6" [_thread_blocked, id=8396, stack(0x000000f5d4b00000,0x000000f5d4c00000)]
  0x0000027f8246c000 JavaThread "jar transforms Thread 7" [_thread_blocked, id=11660, stack(0x000000f5d4c00000,0x000000f5d4d00000)]
  0x0000027f82472800 JavaThread "jar transforms Thread 8" [_thread_blocked, id=12852, stack(0x000000f5d4d00000,0x000000f5d4e00000)]
  0x0000027f82475000 JavaThread "jar transforms Thread 9" [_thread_blocked, id=10356, stack(0x000000f5d4e00000,0x000000f5d4f00000)]
  0x0000027f82471800 JavaThread "jar transforms Thread 10" [_thread_blocked, id=16260, stack(0x000000f5d4f00000,0x000000f5d5000000)]
  0x0000027f82473000 JavaThread "jar transforms Thread 11" [_thread_blocked, id=9140, stack(0x000000f5d5000000,0x000000f5d5100000)]
  0x0000027f82476800 JavaThread "jar transforms Thread 12" [_thread_blocked, id=15456, stack(0x000000f5d5100000,0x000000f5d5200000)]
  0x0000027f82474000 JavaThread "Cache worker for checksums cache (E:\GoogleHomepage20BCE10123\.gradle\checksums)" [_thread_blocked, id=2152, stack(0x000000f5d5200000,0x000000f5d5300000)]
  0x0000027f82477800 JavaThread "Cache worker for cache directory md-supplier (C:\Users\anike\.gradle\caches\7.2\md-supplier)" [_thread_blocked, id=16712, stack(0x000000f5d5300000,0x000000f5d5400000)]
  0x0000027f82475800 JavaThread "Cache worker for cache directory md-rule (C:\Users\anike\.gradle\caches\7.2\md-rule)" [_thread_blocked, id=7500, stack(0x000000f5d5400000,0x000000f5d5500000)]
  0x0000027f82478000 JavaThread "Cache worker for execution history cache (C:\Users\anike\.gradle\caches\7.2\executionHistory)" [_thread_blocked, id=11028, stack(0x000000f5d5500000,0x000000f5d5600000)]
  0x0000027f81c49000 JavaThread "C2 CompilerThread1" daemon [_thread_in_native, id=2796, stack(0x000000f5d4100000,0x000000f5d4200000)]
  0x0000027f83999800 JavaThread "C2 CompilerThread2" daemon [_thread_in_native, id=13436, stack(0x000000f5d4500000,0x000000f5d4600000)]

Other Threads:
  0x0000027ffe35e800 VMThread "VM Thread" [stack: 0x000000f5d1e00000,0x000000f5d1f00000] [id=6788]
  0x0000027ffe54d800 WatcherThread [stack: 0x000000f5d2800000,0x000000f5d2900000] [id=3404]
  0x0000027fe2a83800 GCTaskThread "GC Thread#0" [stack: 0x000000f5d1900000,0x000000f5d1a00000] [id=15964]
  0x0000027f8032e800 GCTaskThread "GC Thread#1" [stack: 0x000000f5d2a00000,0x000000f5d2b00000] [id=14420]
  0x0000027f8006f800 GCTaskThread "GC Thread#2" [stack: 0x000000f5d2b00000,0x000000f5d2c00000] [id=2264]
  0x0000027ffecd0800 GCTaskThread "GC Thread#3" [stack: 0x000000f5d2c00000,0x000000f5d2d00000] [id=2696]
  0x0000027ffefcb000 GCTaskThread "GC Thread#4" [stack: 0x000000f5d2d00000,0x000000f5d2e00000] [id=12488]
  0x0000027f801e7000 GCTaskThread "GC Thread#5" [stack: 0x000000f5d2e00000,0x000000f5d2f00000] [id=6756]
  0x0000027f8044d800 GCTaskThread "GC Thread#6" [stack: 0x000000f5d3a00000,0x000000f5d3b00000] [id=7860]
  0x0000027ffec64000 GCTaskThread "GC Thread#7" [stack: 0x000000f5d3b00000,0x000000f5d3c00000] [id=9432]
  0x0000027f81aae000 GCTaskThread "GC Thread#8" [stack: 0x000000f5d3c00000,0x000000f5d3d00000] [id=9008]
  0x0000027f80ad6000 GCTaskThread "GC Thread#9" [stack: 0x000000f5d3d00000,0x000000f5d3e00000] [id=10756]
  0x0000027fe2ab6000 ConcurrentGCThread "G1 Main Marker" [stack: 0x000000f5d1a00000,0x000000f5d1b00000] [id=10180]
  0x0000027fe2ab7800 ConcurrentGCThread "G1 Conc#0" [stack: 0x000000f5d1b00000,0x000000f5d1c00000] [id=3140]
  0x0000027f80355000 ConcurrentGCThread "G1 Conc#1" [stack: 0x000000f5d3e00000,0x000000f5d3f00000] [id=11368]
  0x0000027f81272800 ConcurrentGCThread "G1 Conc#2" [stack: 0x000000f5d3f00000,0x000000f5d4000000] [id=1480]
  0x0000027ffd9ae800 ConcurrentGCThread "G1 Refine#0" [stack: 0x000000f5d1c00000,0x000000f5d1d00000] [id=12432]
  0x0000027ffd9af000 ConcurrentGCThread "G1 Young RemSet Sampling" [stack: 0x000000f5d1d00000,0x000000f5d1e00000] [id=7120]

Threads with active compile tasks:
C2 CompilerThread0   6742 2735       4       jdk.internal.loader.URLClassPath::getResource (74 bytes)
C2 CompilerThread1   6742 2750  s!   4       jdk.internal.loader.URLClassPath::getLoader (194 bytes)
C2 CompilerThread2   6742 2831   !   4       java.util.concurrent.ConcurrentHashMap::computeIfAbsent (576 bytes)

VM state:not at safepoint (normal execution)

VM Mutex/Monitor currently owned by a thread: None

Heap address: 0x0000000080000000, size: 2048 MB, Compressed Oops mode: 32-bit
Narrow klass base: 0x0000000000000000, Narrow klass shift: 3
Compressed class space size: 1073741824 Address: 0x0000000100000000

Heap:
 garbage-first heap   total 258048K, used 115576K [0x0000000080000000, 0x0000000100000000)
  region size 1024K, 90 young (92160K), 2 survivors (2048K)
 Metaspace       used 33693K, capacity 34590K, committed 34736K, reserved 1083392K
  class space    used 4492K, capacity 4852K, committed 4864K, reserved 1048576K
Heap Regions: E=young(eden), S=young(survivor), O=old, HS=humongous(starts), HC=humongous(continues), CS=collection set, F=free, A=archive, TAMS=top-at-mark-start (previous, next)
|   0|0x0000000080000000, 0x0000000080100000, 0x0000000080100000|100%| O|  |TAMS 0x0000000080000000, 0x0000000080000000| Untracked 
|   1|0x0000000080100000, 0x0000000080200000, 0x0000000080200000|100%| O|  |TAMS 0x0000000080100000, 0x0000000080100000| Untracked 
|   2|0x0000000080200000, 0x0000000080300000, 0x0000000080300000|100%| O|  |TAMS 0x0000000080200000, 0x0000000080200000| Untracked 
|   3|0x0000000080300000, 0x0000000080400000, 0x0000000080400000|100%|HS|  |TAMS 0x0000000080400000, 0x0000000080300000| Complete 
|   4|0x0000000080400000, 0x0000000080500000, 0x0000000080500000|100%|HC|  |TAMS 0x0000000080500000, 0x0000000080400000| Complete 
|   5|0x0000000080500000, 0x0000000080600000, 0x0000000080600000|100%|HC|  |TAMS 0x0000000080600000, 0x0000000080500000| Complete 
|   6|0x0000000080600000, 0x0000000080700000, 0x0000000080700000|100%| O|  |TAMS 0x0000000080700000, 0x0000000080600000| Untracked 
|   7|0x0000000080700000, 0x0000000080800000, 0x0000000080800000|100%| O|  |TAMS 0x0000000080800000, 0x0000000080700000| Untracked 
|   8|0x0000000080800000, 0x0000000080900000, 0x0000000080900000|100%| O|  |TAMS 0x0000000080900000, 0x0000000080800000| Untracked 
|   9|0x0000000080900000, 0x0000000080a00000, 0x0000000080a00000|100%| O|  |TAMS 0x000000008092cc00, 0x0000000080900000| Untracked 
|  10|0x0000000080a00000, 0x0000000080b00000, 0x0000000080b00000|100%| O|  |TAMS 0x0000000080a00000, 0x0000000080a00000| Untracked 
|  11|0x0000000080b00000, 0x0000000080c00000, 0x0000000080c00000|100%| O|  |TAMS 0x0000000080b00000, 0x0000000080b00000| Untracked 
|  12|0x0000000080c00000, 0x0000000080d00000, 0x0000000080d00000|100%| O|  |TAMS 0x0000000080c00000, 0x0000000080c00000| Untracked 
|  13|0x0000000080d00000, 0x0000000080e00000, 0x0000000080e00000|100%| O|  |TAMS 0x0000000080d00000, 0x0000000080d00000| Untracked 
|  14|0x0000000080e00000, 0x0000000080f00000, 0x0000000080f00000|100%| O|  |TAMS 0x0000000080e00000, 0x0000000080e00000| Untracked 
|  15|0x0000000080f00000, 0x0000000081000000, 0x0000000081000000|100%| O|  |TAMS 0x0000000080f00000, 0x0000000080f00000| Untracked 
|  16|0x0000000081000000, 0x0000000081003800, 0x0000000081100000|  1%| O|  |TAMS 0x0000000081000000, 0x0000000081000000| Untracked 
|  17|0x0000000081100000, 0x0000000081200000, 0x0000000081200000|100%|HS|  |TAMS 0x0000000081100000, 0x0000000081100000| Complete 
|  18|0x0000000081200000, 0x0000000081300000, 0x0000000081300000|100%|HC|  |TAMS 0x0000000081200000, 0x0000000081200000| Complete 
|  19|0x0000000081300000, 0x0000000081400000, 0x0000000081400000|100%|HS|  |TAMS 0x0000000081300000, 0x0000000081300000| Complete 
|  20|0x0000000081400000, 0x0000000081500000, 0x0000000081500000|100%|HC|  |TAMS 0x0000000081400000, 0x0000000081400000| Complete 
|  21|0x0000000081500000, 0x0000000081600000, 0x0000000081600000|100%|HC|  |TAMS 0x0000000081500000, 0x0000000081500000| Complete 
|  22|0x0000000081600000, 0x0000000081700000, 0x0000000081700000|100%|HS|  |TAMS 0x0000000081600000, 0x0000000081600000| Complete 
|  23|0x0000000081700000, 0x0000000081800000, 0x0000000081800000|100%|HC|  |TAMS 0x0000000081700000, 0x0000000081700000| Complete 
|  24|0x0000000081800000, 0x0000000081900000, 0x0000000081900000|100%|HC|  |TAMS 0x0000000081800000, 0x0000000081800000| Complete 
|  25|0x0000000081900000, 0x0000000081a00000, 0x0000000081a00000|100%|HC|  |TAMS 0x0000000081900000, 0x0000000081900000| Complete 
|  26|0x0000000081a00000, 0x0000000081a00000, 0x0000000081b00000|  0%| F|  |TAMS 0x0000000081a00000, 0x0000000081a00000| Untracked 
|  27|0x0000000081b00000, 0x0000000081b00000, 0x0000000081c00000|  0%| F|  |TAMS 0x0000000081b00000, 0x0000000081b00000| Untracked 
|  28|0x0000000081c00000, 0x0000000081c00000, 0x0000000081d00000|  0%| F|  |TAMS 0x0000000081c00000, 0x0000000081c00000| Untracked 
|  29|0x0000000081d00000, 0x0000000081d00000, 0x0000000081e00000|  0%| F|  |TAMS 0x0000000081d00000, 0x0000000081d00000| Untracked 
|  30|0x0000000081e00000, 0x0000000081e00000, 0x0000000081f00000|  0%| F|  |TAMS 0x0000000081e00000, 0x0000000081e00000| Untracked 
|  31|0x0000000081f00000, 0x0000000081f00000, 0x0000000082000000|  0%| F|  |TAMS 0x0000000081f00000, 0x0000000081f00000| Untracked 
|  32|0x0000000082000000, 0x0000000082000000, 0x0000000082100000|  0%| F|  |TAMS 0x0000000082000000, 0x0000000082000000| Untracked 
|  33|0x0000000082100000, 0x0000000082100000, 0x0000000082200000|  0%| F|  |TAMS 0x0000000082100000, 0x0000000082100000| Untracked 
|  34|0x0000000082200000, 0x0000000082200000, 0x0000000082300000|  0%| F|  |TAMS 0x0000000082200000, 0x0000000082200000| Untracked 
|  35|0x0000000082300000, 0x0000000082300000, 0x0000000082400000|  0%| F|  |TAMS 0x0000000082300000, 0x0000000082300000| Untracked 
|  36|0x0000000082400000, 0x0000000082400000, 0x0000000082500000|  0%| F|  |TAMS 0x0000000082400000, 0x0000000082400000| Untracked 
|  37|0x0000000082500000, 0x0000000082500000, 0x0000000082600000|  0%| F|  |TAMS 0x0000000082500000, 0x0000000082500000| Untracked 
|  38|0x0000000082600000, 0x0000000082600000, 0x0000000082700000|  0%| F|  |TAMS 0x0000000082600000, 0x0000000082600000| Untracked 
|  39|0x0000000082700000, 0x0000000082700000, 0x0000000082800000|  0%| F|  |TAMS 0x0000000082700000, 0x0000000082700000| Untracked 
|  40|0x0000000082800000, 0x0000000082800000, 0x0000000082900000|  0%| F|  |TAMS 0x0000000082800000, 0x0000000082800000| Untracked 
|  41|0x0000000082900000, 0x0000000082900000, 0x0000000082a00000|  0%| F|  |TAMS 0x0000000082900000, 0x0000000082900000| Untracked 
|  42|0x0000000082a00000, 0x0000000082a00000, 0x0000000082b00000|  0%| F|  |TAMS 0x0000000082a00000, 0x0000000082a00000| Untracked 
|  43|0x0000000082b00000, 0x0000000082b00000, 0x0000000082c00000|  0%| F|  |TAMS 0x0000000082b00000, 0x0000000082b00000| Untracked 
|  44|0x0000000082c00000, 0x0000000082c00000, 0x0000000082d00000|  0%| F|  |TAMS 0x0000000082c00000, 0x0000000082c00000| Untracked 
|  45|0x0000000082d00000, 0x0000000082d00000, 0x0000000082e00000|  0%| F|  |TAMS 0x0000000082d00000, 0x0000000082d00000| Untracked 
|  46|0x0000000082e00000, 0x0000000082e00000, 0x0000000082f00000|  0%| F|  |TAMS 0x0000000082e00000, 0x0000000082e00000| Untracked 
|  47|0x0000000082f00000, 0x0000000082f00000, 0x0000000083000000|  0%| F|  |TAMS 0x0000000082f00000, 0x0000000082f00000| Untracked 
|  48|0x0000000083000000, 0x0000000083000000, 0x0000000083100000|  0%| F|  |TAMS 0x0000000083000000, 0x0000000083000000| Untracked 
|  49|0x0000000083100000, 0x0000000083100000, 0x0000000083200000|  0%| F|  |TAMS 0x0000000083100000, 0x0000000083100000| Untracked 
|  50|0x0000000083200000, 0x0000000083200000, 0x0000000083300000|  0%| F|  |TAMS 0x0000000083200000, 0x0000000083200000| Untracked 
|  51|0x0000000083300000, 0x0000000083300000, 0x0000000083400000|  0%| F|  |TAMS 0x0000000083300000, 0x0000000083300000| Untracked 
|  52|0x0000000083400000, 0x0000000083400000, 0x0000000083500000|  0%| F|  |TAMS 0x0000000083400000, 0x0000000083400000| Untracked 
|  53|0x0000000083500000, 0x0000000083500000, 0x0000000083600000|  0%| F|  |TAMS 0x0000000083500000, 0x0000000083500000| Untracked 
|  54|0x0000000083600000, 0x0000000083600000, 0x0000000083700000|  0%| F|  |TAMS 0x0000000083600000, 0x0000000083600000| Untracked 
|  55|0x0000000083700000, 0x0000000083700000, 0x0000000083800000|  0%| F|  |TAMS 0x0000000083700000, 0x0000000083700000| Untracked 
|  56|0x0000000083800000, 0x0000000083800000, 0x0000000083900000|  0%| F|  |TAMS 0x0000000083800000, 0x0000000083800000| Untracked 
|  57|0x0000000083900000, 0x0000000083900000, 0x0000000083a00000|  0%| F|  |TAMS 0x0000000083900000, 0x0000000083900000| Untracked 
|  58|0x0000000083a00000, 0x0000000083a00000, 0x0000000083b00000|  0%| F|  |TAMS 0x0000000083a00000, 0x0000000083a00000| Untracked 
|  59|0x0000000083b00000, 0x0000000083b00000, 0x0000000083c00000|  0%| F|  |TAMS 0x0000000083b00000, 0x0000000083b00000| Untracked 
|  60|0x0000000083c00000, 0x0000000083c00000, 0x0000000083d00000|  0%| F|  |TAMS 0x0000000083c00000, 0x0000000083c00000| Untracked 
|  61|0x0000000083d00000, 0x0000000083d00000, 0x0000000083e00000|  0%| F|  |TAMS 0x0000000083d00000, 0x0000000083d00000| Untracked 
|  62|0x0000000083e00000, 0x0000000083e00000, 0x0000000083f00000|  0%| F|  |TAMS 0x0000000083e00000, 0x0000000083e00000| Untracked 
|  63|0x0000000083f00000, 0x0000000083f00000, 0x0000000084000000|  0%| F|  |TAMS 0x0000000083f00000, 0x0000000083f00000| Untracked 
|  64|0x0000000084000000, 0x0000000084000000, 0x0000000084100000|  0%| F|  |TAMS 0x0000000084000000, 0x0000000084000000| Untracked 
|  65|0x0000000084100000, 0x0000000084100000, 0x0000000084200000|  0%| F|  |TAMS 0x0000000084100000, 0x0000000084100000| Untracked 
|  66|0x0000000084200000, 0x0000000084200000, 0x0000000084300000|  0%| F|  |TAMS 0x0000000084200000, 0x0000000084200000| Untracked 
|  67|0x0000000084300000, 0x0000000084300000, 0x0000000084400000|  0%| F|  |TAMS 0x0000000084300000, 0x0000000084300000| Untracked 
|  68|0x0000000084400000, 0x0000000084400000, 0x0000000084500000|  0%| F|  |TAMS 0x0000000084400000, 0x0000000084400000| Untracked 
|  69|0x0000000084500000, 0x0000000084500000, 0x0000000084600000|  0%| F|  |TAMS 0x0000000084500000, 0x0000000084500000| Untracked 
|  70|0x0000000084600000, 0x0000000084600000, 0x0000000084700000|  0%| F|  |TAMS 0x0000000084600000, 0x0000000084600000| Untracked 
|  71|0x0000000084700000, 0x0000000084700000, 0x0000000084800000|  0%| F|  |TAMS 0x0000000084700000, 0x0000000084700000| Untracked 
|  72|0x0000000084800000, 0x0000000084800000, 0x0000000084900000|  0%| F|  |TAMS 0x0000000084800000, 0x0000000084800000| Untracked 
|  73|0x0000000084900000, 0x0000000084900000, 0x0000000084a00000|  0%| F|  |TAMS 0x0000000084900000, 0x0000000084900000| Untracked 
|  74|0x0000000084a00000, 0x0000000084a00000, 0x0000000084b00000|  0%| F|  |TAMS 0x0000000084a00000, 0x0000000084a00000| Untracked 
|  75|0x0000000084b00000, 0x0000000084b00000, 0x0000000084c00000|  0%| F|  |TAMS 0x0000000084b00000, 0x0000000084b00000| Untracked 
|  76|0x0000000084c00000, 0x0000000084c00000, 0x0000000084d00000|  0%| F|  |TAMS 0x0000000084c00000, 0x0000000084c00000| Untracked 
|  77|0x0000000084d00000, 0x0000000084d00000, 0x0000000084e00000|  0%| F|  |TAMS 0x0000000084d00000, 0x0000000084d00000| Untracked 
|  78|0x0000000084e00000, 0x0000000084e00000, 0x0000000084f00000|  0%| F|  |TAMS 0x0000000084e00000, 0x0000000084e00000| Untracked 
|  79|0x0000000084f00000, 0x0000000084f00000, 0x0000000085000000|  0%| F|  |TAMS 0x0000000084f00000, 0x0000000084f00000| Untracked 
|  80|0x0000000085000000, 0x0000000085000000, 0x0000000085100000|  0%| F|  |TAMS 0x0000000085000000, 0x0000000085000000| Untracked 
|  81|0x0000000085100000, 0x0000000085100000, 0x0000000085200000|  0%| F|  |TAMS 0x0000000085100000, 0x0000000085100000| Untracked 
|  82|0x0000000085200000, 0x0000000085200000, 0x0000000085300000|  0%| F|  |TAMS 0x0000000085200000, 0x0000000085200000| Untracked 
|  83|0x0000000085300000, 0x0000000085300000, 0x0000000085400000|  0%| F|  |TAMS 0x0000000085300000, 0x0000000085300000| Untracked 
|  84|0x0000000085400000, 0x0000000085400000, 0x0000000085500000|  0%| F|  |TAMS 0x0000000085400000, 0x0000000085400000| Untracked 
|  85|0x0000000085500000, 0x0000000085500000, 0x0000000085600000|  0%| F|  |TAMS 0x0000000085500000, 0x0000000085500000| Untracked 
|  86|0x0000000085600000, 0x0000000085600000, 0x0000000085700000|  0%| F|  |TAMS 0x0000000085600000, 0x0000000085600000| Untracked 
|  87|0x0000000085700000, 0x0000000085700000, 0x0000000085800000|  0%| F|  |TAMS 0x0000000085700000, 0x0000000085700000| Untracked 
|  88|0x0000000085800000, 0x0000000085800000, 0x0000000085900000|  0%| F|  |TAMS 0x0000000085800000, 0x0000000085800000| Untracked 
|  89|0x0000000085900000, 0x0000000085900000, 0x0000000085a00000|  0%| F|  |TAMS 0x0000000085900000, 0x0000000085900000| Untracked 
|  90|0x0000000085a00000, 0x0000000085a00000, 0x0000000085b00000|  0%| F|  |TAMS 0x0000000085a00000, 0x0000000085a00000| Untracked 
|  91|0x0000000085b00000, 0x0000000085b00000, 0x0000000085c00000|  0%| F|  |TAMS 0x0000000085b00000, 0x0000000085b00000| Untracked 
|  92|0x0000000085c00000, 0x0000000085c00000, 0x0000000085d00000|  0%| F|  |TAMS 0x0000000085c00000, 0x0000000085c00000| Untracked 
|  93|0x0000000085d00000, 0x0000000085d00000, 0x0000000085e00000|  0%| F|  |TAMS 0x0000000085d00000, 0x0000000085d00000| Untracked 
|  94|0x0000000085e00000, 0x0000000085e00000, 0x0000000085f00000|  0%| F|  |TAMS 0x0000000085e00000, 0x0000000085e00000| Untracked 
|  95|0x0000000085f00000, 0x0000000085f00000, 0x0000000086000000|  0%| F|  |TAMS 0x0000000085f00000, 0x0000000085f00000| Untracked 
|  96|0x0000000086000000, 0x0000000086000000, 0x0000000086100000|  0%| F|  |TAMS 0x0000000086000000, 0x0000000086000000| Untracked 
|  97|0x0000000086100000, 0x0000000086100000, 0x0000000086200000|  0%| F|  |TAMS 0x0000000086100000, 0x0000000086100000| Untracked 
|  98|0x0000000086200000, 0x0000000086200000, 0x0000000086300000|  0%| F|  |TAMS 0x0000000086200000, 0x0000000086200000| Untracked 
|  99|0x0000000086300000, 0x0000000086300000, 0x0000000086400000|  0%| F|  |TAMS 0x0000000086300000, 0x0000000086300000| Untracked 
| 100|0x0000000086400000, 0x0000000086400000, 0x0000000086500000|  0%| F|  |TAMS 0x0000000086400000, 0x0000000086400000| Untracked 
| 101|0x0000000086500000, 0x0000000086500000, 0x0000000086600000|  0%| F|  |TAMS 0x0000000086500000, 0x0000000086500000| Untracked 
| 102|0x0000000086600000, 0x0000000086600000, 0x0000000086700000|  0%| F|  |TAMS 0x0000000086600000, 0x0000000086600000| Untracked 
| 103|0x0000000086700000, 0x0000000086700000, 0x0000000086800000|  0%| F|  |TAMS 0x0000000086700000, 0x0000000086700000| Untracked 
| 104|0x0000000086800000, 0x0000000086800000, 0x0000000086900000|  0%| F|  |TAMS 0x0000000086800000, 0x0000000086800000| Untracked 
| 105|0x0000000086900000, 0x0000000086900000, 0x0000000086a00000|  0%| F|  |TAMS 0x0000000086900000, 0x0000000086900000| Untracked 
| 106|0x0000000086a00000, 0x0000000086a00000, 0x0000000086b00000|  0%| F|  |TAMS 0x0000000086a00000, 0x0000000086a00000| Untracked 
| 107|0x0000000086b00000, 0x0000000086b00000, 0x0000000086c00000|  0%| F|  |TAMS 0x0000000086b00000, 0x0000000086b00000| Untracked 
| 108|0x0000000086c00000, 0x0000000086c00000, 0x0000000086d00000|  0%| F|  |TAMS 0x0000000086c00000, 0x0000000086c00000| Untracked 
| 109|0x0000000086d00000, 0x0000000086d00000, 0x0000000086e00000|  0%| F|  |TAMS 0x0000000086d00000, 0x0000000086d00000| Untracked 
| 110|0x0000000086e00000, 0x0000000086e00000, 0x0000000086f00000|  0%| F|  |TAMS 0x0000000086e00000, 0x0000000086e00000| Untracked 
| 111|0x0000000086f00000, 0x0000000086f00000, 0x0000000087000000|  0%| F|  |TAMS 0x0000000086f00000, 0x0000000086f00000| Untracked 
| 112|0x0000000087000000, 0x0000000087000000, 0x0000000087100000|  0%| F|  |TAMS 0x0000000087000000, 0x0000000087000000| Untracked 
| 113|0x0000000087100000, 0x0000000087100000, 0x0000000087200000|  0%| F|  |TAMS 0x0000000087100000, 0x0000000087100000| Untracked 
| 114|0x0000000087200000, 0x0000000087200000, 0x0000000087300000|  0%| F|  |TAMS 0x0000000087200000, 0x0000000087200000| Untracked 
| 115|0x0000000087300000, 0x0000000087300000, 0x0000000087400000|  0%| F|  |TAMS 0x0000000087300000, 0x0000000087300000| Untracked 
| 116|0x0000000087400000, 0x0000000087400000, 0x0000000087500000|  0%| F|  |TAMS 0x0000000087400000, 0x0000000087400000| Untracked 
| 117|0x0000000087500000, 0x0000000087500000, 0x0000000087600000|  0%| F|  |TAMS 0x0000000087500000, 0x0000000087500000| Untracked 
| 118|0x0000000087600000, 0x0000000087600000, 0x0000000087700000|  0%| F|  |TAMS 0x0000000087600000, 0x0000000087600000| Untracked 
| 119|0x0000000087700000, 0x0000000087700000, 0x0000000087800000|  0%| F|  |TAMS 0x0000000087700000, 0x0000000087700000| Untracked 
| 120|0x0000000087800000, 0x0000000087800000, 0x0000000087900000|  0%| F|  |TAMS 0x0000000087800000, 0x0000000087800000| Untracked 
| 121|0x0000000087900000, 0x0000000087900000, 0x0000000087a00000|  0%| F|  |TAMS 0x0000000087900000, 0x0000000087900000| Untracked 
| 122|0x0000000087a00000, 0x0000000087a00000, 0x0000000087b00000|  0%| F|  |TAMS 0x0000000087a00000, 0x0000000087a00000| Untracked 
| 123|0x0000000087b00000, 0x0000000087b00000, 0x0000000087c00000|  0%| F|  |TAMS 0x0000000087b00000, 0x0000000087b00000| Untracked 
| 124|0x0000000087c00000, 0x0000000087c00000, 0x0000000087d00000|  0%| F|  |TAMS 0x0000000087c00000, 0x0000000087c00000| Untracked 
| 125|0x0000000087d00000, 0x0000000087d00000, 0x0000000087e00000|  0%| F|  |TAMS 0x0000000087d00000, 0x0000000087d00000| Untracked 
| 126|0x0000000087e00000, 0x0000000087e00000, 0x0000000087f00000|  0%| F|  |TAMS 0x0000000087e00000, 0x0000000087e00000| Untracked 
| 127|0x0000000087f00000, 0x0000000087f00000, 0x0000000088000000|  0%| F|  |TAMS 0x0000000087f00000, 0x0000000087f00000| Untracked 
| 128|0x0000000088000000, 0x0000000088000000, 0x0000000088100000|  0%| F|  |TAMS 0x0000000088000000, 0x0000000088000000| Untracked 
| 129|0x0000000088100000, 0x0000000088100000, 0x0000000088200000|  0%| F|  |TAMS 0x0000000088100000, 0x0000000088100000| Untracked 
| 130|0x0000000088200000, 0x0000000088200000, 0x0000000088300000|  0%| F|  |TAMS 0x0000000088200000, 0x0000000088200000| Untracked 
| 131|0x0000000088300000, 0x0000000088300000, 0x0000000088400000|  0%| F|  |TAMS 0x0000000088300000, 0x0000000088300000| Untracked 
| 132|0x0000000088400000, 0x0000000088400000, 0x0000000088500000|  0%| F|  |TAMS 0x0000000088400000, 0x0000000088400000| Untracked 
| 133|0x0000000088500000, 0x0000000088500000, 0x0000000088600000|  0%| F|  |TAMS 0x0000000088500000, 0x0000000088500000| Untracked 
| 134|0x0000000088600000, 0x0000000088600000, 0x0000000088700000|  0%| F|  |TAMS 0x0000000088600000, 0x0000000088600000| Untracked 
| 135|0x0000000088700000, 0x0000000088700000, 0x0000000088800000|  0%| F|  |TAMS 0x0000000088700000, 0x0000000088700000| Untracked 
| 136|0x0000000088800000, 0x0000000088800000, 0x0000000088900000|  0%| F|  |TAMS 0x0000000088800000, 0x0000000088800000| Untracked 
| 137|0x0000000088900000, 0x0000000088900000, 0x0000000088a00000|  0%| F|  |TAMS 0x0000000088900000, 0x0000000088900000| Untracked 
| 138|0x0000000088a00000, 0x0000000088a00000, 0x0000000088b00000|  0%| F|  |TAMS 0x0000000088a00000, 0x0000000088a00000| Untracked 
| 139|0x0000000088b00000, 0x0000000088b00000, 0x0000000088c00000|  0%| F|  |TAMS 0x0000000088b00000, 0x0000000088b00000| Untracked 
| 140|0x0000000088c00000, 0x0000000088c00000, 0x0000000088d00000|  0%| F|  |TAMS 0x0000000088c00000, 0x0000000088c00000| Untracked 
| 141|0x0000000088d00000, 0x0000000088d00000, 0x0000000088e00000|  0%| F|  |TAMS 0x0000000088d00000, 0x0000000088d00000| Untracked 
| 142|0x0000000088e00000, 0x0000000088e00000, 0x0000000088f00000|  0%| F|  |TAMS 0x0000000088e00000, 0x0000000088e00000| Untracked 
| 143|0x0000000088f00000, 0x0000000088f00000, 0x0000000089000000|  0%| F|  |TAMS 0x0000000088f00000, 0x0000000088f00000| Untracked 
| 144|0x0000000089000000, 0x0000000089000000, 0x0000000089100000|  0%| F|  |TAMS 0x0000000089000000, 0x0000000089000000| Untracked 
| 145|0x0000000089100000, 0x0000000089100000, 0x0000000089200000|  0%| F|  |TAMS 0x0000000089100000, 0x0000000089100000| Untracked 
| 146|0x0000000089200000, 0x0000000089200000, 0x0000000089300000|  0%| F|  |TAMS 0x0000000089200000, 0x0000000089200000| Untracked 
| 147|0x0000000089300000, 0x0000000089300000, 0x0000000089400000|  0%| F|  |TAMS 0x0000000089300000, 0x0000000089300000| Untracked 
| 148|0x0000000089400000, 0x0000000089400000, 0x0000000089500000|  0%| F|  |TAMS 0x0000000089400000, 0x0000000089400000| Untracked 
| 149|0x0000000089500000, 0x0000000089500000, 0x0000000089600000|  0%| F|  |TAMS 0x0000000089500000, 0x0000000089500000| Untracked 
| 150|0x0000000089600000, 0x0000000089600000, 0x0000000089700000|  0%| F|  |TAMS 0x0000000089600000, 0x0000000089600000| Untracked 
| 151|0x0000000089700000, 0x0000000089700000, 0x0000000089800000|  0%| F|  |TAMS 0x0000000089700000, 0x0000000089700000| Untracked 
| 152|0x0000000089800000, 0x0000000089800000, 0x0000000089900000|  0%| F|  |TAMS 0x0000000089800000, 0x0000000089800000| Untracked 
| 153|0x0000000089900000, 0x0000000089900000, 0x0000000089a00000|  0%| F|  |TAMS 0x0000000089900000, 0x0000000089900000| Untracked 
| 154|0x0000000089a00000, 0x0000000089a00000, 0x0000000089b00000|  0%| F|  |TAMS 0x0000000089a00000, 0x0000000089a00000| Untracked 
| 155|0x0000000089b00000, 0x0000000089b00000, 0x0000000089c00000|  0%| F|  |TAMS 0x0000000089b00000, 0x0000000089b00000| Untracked 
| 156|0x0000000089c00000, 0x0000000089c00000, 0x0000000089d00000|  0%| F|  |TAMS 0x0000000089c00000, 0x0000000089c00000| Untracked 
| 157|0x0000000089d00000, 0x0000000089d00000, 0x0000000089e00000|  0%| F|  |TAMS 0x0000000089d00000, 0x0000000089d00000| Untracked 
| 158|0x0000000089e00000, 0x0000000089e00000, 0x0000000089f00000|  0%| F|  |TAMS 0x0000000089e00000, 0x0000000089e00000| Untracked 
| 159|0x0000000089f00000, 0x0000000089f00000, 0x000000008a000000|  0%| F|  |TAMS 0x0000000089f00000, 0x0000000089f00000| Untracked 
| 160|0x000000008a000000, 0x000000008a000000, 0x000000008a100000|  0%| F|  |TAMS 0x000000008a000000, 0x000000008a000000| Untracked 
| 161|0x000000008a100000, 0x000000008a100000, 0x000000008a200000|  0%| F|  |TAMS 0x000000008a100000, 0x000000008a100000| Untracked 
| 162|0x000000008a200000, 0x000000008a280800, 0x000000008a300000| 50%| E|  |TAMS 0x000000008a200000, 0x000000008a200000| Complete 
| 163|0x000000008a300000, 0x000000008a400000, 0x000000008a400000|100%| E|CS|TAMS 0x000000008a300000, 0x000000008a300000| Complete 
| 164|0x000000008a400000, 0x000000008a500000, 0x000000008a500000|100%| E|CS|TAMS 0x000000008a400000, 0x000000008a400000| Complete 
| 165|0x000000008a500000, 0x000000008a600000, 0x000000008a600000|100%| E|CS|TAMS 0x000000008a500000, 0x000000008a500000| Complete 
| 166|0x000000008a600000, 0x000000008a700000, 0x000000008a700000|100%| E|CS|TAMS 0x000000008a600000, 0x000000008a600000| Complete 
| 167|0x000000008a700000, 0x000000008a800000, 0x000000008a800000|100%| E|CS|TAMS 0x000000008a700000, 0x000000008a700000| Complete 
| 168|0x000000008a800000, 0x000000008a900000, 0x000000008a900000|100%| E|CS|TAMS 0x000000008a800000, 0x000000008a800000| Complete 
| 169|0x000000008a900000, 0x000000008aa00000, 0x000000008aa00000|100%| E|CS|TAMS 0x000000008a900000, 0x000000008a900000| Complete 
| 170|0x000000008aa00000, 0x000000008ab00000, 0x000000008ab00000|100%| E|CS|TAMS 0x000000008aa00000, 0x000000008aa00000| Complete 
| 171|0x000000008ab00000, 0x000000008ac00000, 0x000000008ac00000|100%| E|CS|TAMS 0x000000008ab00000, 0x000000008ab00000| Complete 
| 172|0x000000008ac00000, 0x000000008ad00000, 0x000000008ad00000|100%| E|CS|TAMS 0x000000008ac00000, 0x000000008ac00000| Complete 
| 173|0x000000008ad00000, 0x000000008ae00000, 0x000000008ae00000|100%| E|CS|TAMS 0x000000008ad00000, 0x000000008ad00000| Complete 
| 174|0x000000008ae00000, 0x000000008af00000, 0x000000008af00000|100%| E|CS|TAMS 0x000000008ae00000, 0x000000008ae00000| Complete 
| 175|0x000000008af00000, 0x000000008b000000, 0x000000008b000000|100%| E|CS|TAMS 0x000000008af00000, 0x000000008af00000| Complete 
| 176|0x000000008b000000, 0x000000008b100000, 0x000000008b100000|100%| E|CS|TAMS 0x000000008b000000, 0x000000008b000000| Complete 
| 177|0x000000008b100000, 0x000000008b200000, 0x000000008b200000|100%| E|CS|TAMS 0x000000008b100000, 0x000000008b100000| Complete 
| 178|0x000000008b200000, 0x000000008b300000, 0x000000008b300000|100%| E|CS|TAMS 0x000000008b200000, 0x000000008b200000| Complete 
| 179|0x000000008b300000, 0x000000008b400000, 0x000000008b400000|100%| E|CS|TAMS 0x000000008b300000, 0x000000008b300000| Complete 
| 180|0x000000008b400000, 0x000000008b500000, 0x000000008b500000|100%| E|CS|TAMS 0x000000008b400000, 0x000000008b400000| Complete 
| 181|0x000000008b500000, 0x000000008b600000, 0x000000008b600000|100%| E|CS|TAMS 0x000000008b500000, 0x000000008b500000| Complete 
| 182|0x000000008b600000, 0x000000008b700000, 0x000000008b700000|100%| E|CS|TAMS 0x000000008b600000, 0x000000008b600000| Complete 
| 183|0x000000008b700000, 0x000000008b800000, 0x000000008b800000|100%| E|CS|TAMS 0x000000008b700000, 0x000000008b700000| Complete 
| 184|0x000000008b800000, 0x000000008b900000, 0x000000008b900000|100%| E|CS|TAMS 0x000000008b800000, 0x000000008b800000| Complete 
| 185|0x000000008b900000, 0x000000008ba00000, 0x000000008ba00000|100%| E|CS|TAMS 0x000000008b900000, 0x000000008b900000| Complete 
| 186|0x000000008ba00000, 0x000000008bb00000, 0x000000008bb00000|100%| E|CS|TAMS 0x000000008ba00000, 0x000000008ba00000| Complete 
| 187|0x000000008bb00000, 0x000000008bc00000, 0x000000008bc00000|100%| E|CS|TAMS 0x000000008bb00000, 0x000000008bb00000| Complete 
| 188|0x000000008bc00000, 0x000000008bd00000, 0x000000008bd00000|100%| E|CS|TAMS 0x000000008bc00000, 0x000000008bc00000| Complete 
| 189|0x000000008bd00000, 0x000000008be00000, 0x000000008be00000|100%| E|CS|TAMS 0x000000008bd00000, 0x000000008bd00000| Complete 
| 190|0x000000008be00000, 0x000000008bf00000, 0x000000008bf00000|100%| E|CS|TAMS 0x000000008be00000, 0x000000008be00000| Complete 
| 191|0x000000008bf00000, 0x000000008c000000, 0x000000008c000000|100%| E|CS|TAMS 0x000000008bf00000, 0x000000008bf00000| Complete 
| 192|0x000000008c000000, 0x000000008c100000, 0x000000008c100000|100%| E|CS|TAMS 0x000000008c000000, 0x000000008c000000| Complete 
| 193|0x000000008c100000, 0x000000008c200000, 0x000000008c200000|100%| E|CS|TAMS 0x000000008c100000, 0x000000008c100000| Complete 
| 194|0x000000008c200000, 0x000000008c300000, 0x000000008c300000|100%| E|CS|TAMS 0x000000008c200000, 0x000000008c200000| Complete 
| 195|0x000000008c300000, 0x000000008c400000, 0x000000008c400000|100%| E|CS|TAMS 0x000000008c300000, 0x000000008c300000| Complete 
| 196|0x000000008c400000, 0x000000008c500000, 0x000000008c500000|100%| E|CS|TAMS 0x000000008c400000, 0x000000008c400000| Complete 
| 197|0x000000008c500000, 0x000000008c600000, 0x000000008c600000|100%| E|CS|TAMS 0x000000008c500000, 0x000000008c500000| Complete 
| 198|0x000000008c600000, 0x000000008c700000, 0x000000008c700000|100%| E|CS|TAMS 0x000000008c600000, 0x000000008c600000| Complete 
| 199|0x000000008c700000, 0x000000008c800000, 0x000000008c800000|100%| E|CS|TAMS 0x000000008c700000, 0x000000008c700000| Complete 
| 200|0x000000008c800000, 0x000000008c900000, 0x000000008c900000|100%| E|CS|TAMS 0x000000008c800000, 0x000000008c800000| Complete 
| 201|0x000000008c900000, 0x000000008ca00000, 0x000000008ca00000|100%| E|CS|TAMS 0x000000008c900000, 0x000000008c900000| Complete 
| 202|0x000000008ca00000, 0x000000008cb00000, 0x000000008cb00000|100%| E|CS|TAMS 0x000000008ca00000, 0x000000008ca00000| Complete 
| 203|0x000000008cb00000, 0x000000008cc00000, 0x000000008cc00000|100%| E|CS|TAMS 0x000000008cb00000, 0x000000008cb00000| Complete 
| 204|0x000000008cc00000, 0x000000008cd00000, 0x000000008cd00000|100%| E|CS|TAMS 0x000000008cc00000, 0x000000008cc00000| Complete 
| 205|0x000000008cd00000, 0x000000008ce00000, 0x000000008ce00000|100%| E|CS|TAMS 0x000000008cd00000, 0x000000008cd00000| Complete 
| 206|0x000000008ce00000, 0x000000008cf00000, 0x000000008cf00000|100%| E|CS|TAMS 0x000000008ce00000, 0x000000008ce00000| Complete 
| 207|0x000000008cf00000, 0x000000008d000000, 0x000000008d000000|100%| E|CS|TAMS 0x000000008cf00000, 0x000000008cf00000| Complete 
| 208|0x000000008d000000, 0x000000008d100000, 0x000000008d100000|100%| E|CS|TAMS 0x000000008d000000, 0x000000008d000000| Complete 
| 209|0x000000008d100000, 0x000000008d200000, 0x000000008d200000|100%| E|CS|TAMS 0x000000008d100000, 0x000000008d100000| Complete 
| 210|0x000000008d200000, 0x000000008d300000, 0x000000008d300000|100%| E|CS|TAMS 0x000000008d200000, 0x000000008d200000| Complete 
| 211|0x000000008d300000, 0x000000008d400000, 0x000000008d400000|100%| E|CS|TAMS 0x000000008d300000, 0x000000008d300000| Complete 
| 212|0x000000008d400000, 0x000000008d500000, 0x000000008d500000|100%| E|CS|TAMS 0x000000008d400000, 0x000000008d400000| Complete 
| 213|0x000000008d500000, 0x000000008d600000, 0x000000008d600000|100%| E|CS|TAMS 0x000000008d500000, 0x000000008d500000| Complete 
| 214|0x000000008d600000, 0x000000008d700000, 0x000000008d700000|100%| E|CS|TAMS 0x000000008d600000, 0x000000008d600000| Complete 
| 215|0x000000008d700000, 0x000000008d7da830, 0x000000008d800000| 85%| S|CS|TAMS 0x000000008d700000, 0x000000008d700000| Complete 
| 216|0x000000008d800000, 0x000000008d900000, 0x000000008d900000|100%| S|CS|TAMS 0x000000008d800000, 0x000000008d800000| Complete 
| 217|0x000000008d900000, 0x000000008da00000, 0x000000008da00000|100%| E|CS|TAMS 0x000000008d900000, 0x000000008d900000| Complete 
| 218|0x000000008da00000, 0x000000008db00000, 0x000000008db00000|100%| E|CS|TAMS 0x000000008da00000, 0x000000008da00000| Complete 
| 219|0x000000008db00000, 0x000000008dc00000, 0x000000008dc00000|100%| E|CS|TAMS 0x000000008db00000, 0x000000008db00000| Complete 
| 220|0x000000008dc00000, 0x000000008dd00000, 0x000000008dd00000|100%| E|CS|TAMS 0x000000008dc00000, 0x000000008dc00000| Complete 
| 221|0x000000008dd00000, 0x000000008de00000, 0x000000008de00000|100%| E|CS|TAMS 0x000000008dd00000, 0x000000008dd00000| Complete 
| 222|0x000000008de00000, 0x000000008df00000, 0x000000008df00000|100%| E|CS|TAMS 0x000000008de00000, 0x000000008de00000| Complete 
| 223|0x000000008df00000, 0x000000008e000000, 0x000000008e000000|100%| E|  |TAMS 0x000000008df00000, 0x000000008df00000| Complete 
| 224|0x000000008e000000, 0x000000008e100000, 0x000000008e100000|100%| E|CS|TAMS 0x000000008e000000, 0x000000008e000000| Complete 
| 225|0x000000008e100000, 0x000000008e200000, 0x000000008e200000|100%| E|CS|TAMS 0x000000008e100000, 0x000000008e100000| Complete 
| 226|0x000000008e200000, 0x000000008e300000, 0x000000008e300000|100%| E|CS|TAMS 0x000000008e200000, 0x000000008e200000| Complete 
| 227|0x000000008e300000, 0x000000008e400000, 0x000000008e400000|100%| E|CS|TAMS 0x000000008e300000, 0x000000008e300000| Complete 
| 228|0x000000008e400000, 0x000000008e500000, 0x000000008e500000|100%| E|CS|TAMS 0x000000008e400000, 0x000000008e400000| Complete 
| 229|0x000000008e500000, 0x000000008e600000, 0x000000008e600000|100%| E|CS|TAMS 0x000000008e500000, 0x000000008e500000| Complete 
| 230|0x000000008e600000, 0x000000008e700000, 0x000000008e700000|100%| E|CS|TAMS 0x000000008e600000, 0x000000008e600000| Complete 
| 231|0x000000008e700000, 0x000000008e800000, 0x000000008e800000|100%| E|CS|TAMS 0x000000008e700000, 0x000000008e700000| Complete 
| 232|0x000000008e800000, 0x000000008e900000, 0x000000008e900000|100%| E|CS|TAMS 0x000000008e800000, 0x000000008e800000| Complete 
| 233|0x000000008e900000, 0x000000008ea00000, 0x000000008ea00000|100%| E|CS|TAMS 0x000000008e900000, 0x000000008e900000| Complete 
| 234|0x000000008ea00000, 0x000000008eb00000, 0x000000008eb00000|100%| E|CS|TAMS 0x000000008ea00000, 0x000000008ea00000| Complete 
| 235|0x000000008eb00000, 0x000000008ec00000, 0x000000008ec00000|100%| E|CS|TAMS 0x000000008eb00000, 0x000000008eb00000| Complete 
| 236|0x000000008ec00000, 0x000000008ed00000, 0x000000008ed00000|100%| E|CS|TAMS 0x000000008ec00000, 0x000000008ec00000| Complete 
| 237|0x000000008ed00000, 0x000000008ee00000, 0x000000008ee00000|100%| E|CS|TAMS 0x000000008ed00000, 0x000000008ed00000| Complete 
| 238|0x000000008ee00000, 0x000000008ef00000, 0x000000008ef00000|100%| E|CS|TAMS 0x000000008ee00000, 0x000000008ee00000| Complete 
| 239|0x000000008ef00000, 0x000000008f000000, 0x000000008f000000|100%| E|CS|TAMS 0x000000008ef00000, 0x000000008ef00000| Complete 
| 240|0x000000008f000000, 0x000000008f100000, 0x000000008f100000|100%| E|CS|TAMS 0x000000008f000000, 0x000000008f000000| Complete 
| 241|0x000000008f100000, 0x000000008f200000, 0x000000008f200000|100%| E|CS|TAMS 0x000000008f100000, 0x000000008f100000| Complete 
| 242|0x000000008f200000, 0x000000008f300000, 0x000000008f300000|100%| E|CS|TAMS 0x000000008f200000, 0x000000008f200000| Complete 
| 243|0x000000008f300000, 0x000000008f400000, 0x000000008f400000|100%| E|CS|TAMS 0x000000008f300000, 0x000000008f300000| Complete 
| 244|0x000000008f400000, 0x000000008f500000, 0x000000008f500000|100%| E|CS|TAMS 0x000000008f400000, 0x000000008f400000| Complete 
| 245|0x000000008f500000, 0x000000008f600000, 0x000000008f600000|100%| E|CS|TAMS 0x000000008f500000, 0x000000008f500000| Complete 
| 246|0x000000008f600000, 0x000000008f700000, 0x000000008f700000|100%| E|CS|TAMS 0x000000008f600000, 0x000000008f600000| Complete 
| 247|0x000000008f700000, 0x000000008f800000, 0x000000008f800000|100%| E|CS|TAMS 0x000000008f700000, 0x000000008f700000| Complete 
| 248|0x000000008f800000, 0x000000008f900000, 0x000000008f900000|100%| E|CS|TAMS 0x000000008f800000, 0x000000008f800000| Complete 
| 249|0x000000008f900000, 0x000000008fa00000, 0x000000008fa00000|100%| E|CS|TAMS 0x000000008f900000, 0x000000008f900000| Complete 
| 250|0x000000008fa00000, 0x000000008fb00000, 0x000000008fb00000|100%| E|CS|TAMS 0x000000008fa00000, 0x000000008fa00000| Complete 
| 251|0x000000008fb00000, 0x000000008fc00000, 0x000000008fc00000|100%| E|CS|TAMS 0x000000008fb00000, 0x000000008fb00000| Complete 

Card table byte_map: [0x0000027ff6600000,0x0000027ff6a00000] _byte_map_base: 0x0000027ff6200000

Marking Bits (Prev, Next): (CMBitMap*) 0x0000027fe2aad070, (CMBitMap*) 0x0000027fe2aad038
 Prev Bits: [0x0000027ff8e00000, 0x0000027ffae00000)
 Next Bits: [0x0000027ff6e00000, 0x0000027ff8e00000)

Polling page: 0x0000027fe10b0000

Metaspace:

Usage:
  Non-class:     29.11 MB capacity,    28.55 MB ( 98%) used,   482.54 KB (  2%) free+waste,    82.63 KB ( <1%) overhead. 
      Class:      4.74 MB capacity,     4.39 MB ( 93%) used,   314.77 KB (  6%) free+waste,    41.38 KB ( <1%) overhead. 
       Both:     33.84 MB capacity,    32.95 MB ( 97%) used,   797.30 KB (  2%) free+waste,   124.00 KB ( <1%) overhead. 

Virtual space:
  Non-class space:       34.00 MB reserved,      29.17 MB ( 86%) committed 
      Class space:        1.00 GB reserved,       4.88 MB ( <1%) committed 
             Both:        1.03 GB reserved,      34.05 MB (  3%) committed 

Chunk freelists:
   Non-Class:  4.00 KB
       Class:  11.00 KB
        Both:  15.00 KB

MaxMetaspaceSize: 17179869184.00 GB
CompressedClassSpaceSize: 1.00 GB

CodeHeap 'non-profiled nmethods': size=120000Kb used=1497Kb max_used=1497Kb free=118502Kb
 bounds [0x0000027fee040000, 0x0000027fee2b0000, 0x0000027ff5570000]
CodeHeap 'profiled nmethods': size=120000Kb used=6124Kb max_used=6124Kb free=113876Kb
 bounds [0x0000027fe6b10000, 0x0000027fe7110000, 0x0000027fee040000]
CodeHeap 'non-nmethods': size=5760Kb used=1168Kb max_used=1208Kb free=4592Kb
 bounds [0x0000027fe6570000, 0x0000027fe67e0000, 0x0000027fe6b10000]
 total_blobs=3396 nmethods=2883 adapters=424
 compilation: enabled
              stopped_count=0, restarted_count=0
 full_count=0

Compilation events (20 events):
Event: 6.663 Thread 0x0000027ffe3d9000 2867       3       org.codehaus.groovy.util.ReferenceManager$1::afterReferenceCreation (57 bytes)
Event: 6.663 Thread 0x0000027ffe3d9000 nmethod 2867 0x0000027fe70faa10 code [0x0000027fe70fac00, 0x0000027fe70fb018]
Event: 6.663 Thread 0x0000027ffe3d9000 2868   !   3       org.codehaus.groovy.util.LazyReference::getLocked (85 bytes)
Event: 6.665 Thread 0x0000027ffe3d9000 nmethod 2868 0x0000027fe70fb190 code [0x0000027fe70fb4c0, 0x0000027fe70fc5f8]
Event: 6.665 Thread 0x0000027ffe3d9000 2870       3       org.codehaus.groovy.util.LockableObject::tryRelease (45 bytes)
Event: 6.665 Thread 0x0000027ffe3d9000 nmethod 2870 0x0000027fe70fcc90 code [0x0000027fe70fce60, 0x0000027fe70fd128]
Event: 6.667 Thread 0x0000027ffe3d9000 2871       3       java.util.concurrent.atomic.AtomicInteger::<init> (5 bytes)
Event: 6.667 Thread 0x0000027ffe3d9000 nmethod 2871 0x0000027fe70fd210 code [0x0000027fe70fd3c0, 0x0000027fe70fd578]
Event: 6.667 Thread 0x0000027ffe3d9000 2872       3       java.lang.ClassValue$Entry::version (8 bytes)
Event: 6.667 Thread 0x0000027ffe3d9000 nmethod 2872 0x0000027fe70fd690 code [0x0000027fe70fd840, 0x0000027fe70fdad8]
Event: 6.670 Thread 0x0000027ffe3d9000 2873       3       java.util.WeakHashMap::get (77 bytes)
Event: 6.671 Thread 0x0000027ffe3d9000 nmethod 2873 0x0000027fe70fdb90 code [0x0000027fe70fddc0, 0x0000027fe70fe5c8]
Event: 6.671 Thread 0x0000027ffe3d9000 2874       3       org.codehaus.groovy.reflection.CachedClass::getInterfaces (11 bytes)
Event: 6.672 Thread 0x0000027ffe3d9000 nmethod 2874 0x0000027fe70fe910 code [0x0000027fe70feae0, 0x0000027fe70fed88]
Event: 6.672 Thread 0x0000027ffe3d9000 2875       3       org.codehaus.groovy.util.ReferenceType$1::createReference (11 bytes)
Event: 6.672 Thread 0x0000027ffe3d9000 nmethod 2875 0x0000027fe70fee90 code [0x0000027fe70ff080, 0x0000027fe70ff4f8]
Event: 6.683 Thread 0x0000027ffe3d9000 2877       3       java.util.concurrent.locks.AbstractQueuedSynchronizer$ConditionObject::checkInterruptWhileWaiting (27 bytes)
Event: 6.685 Thread 0x0000027ffe3d9000 nmethod 2877 0x0000027fe70ff690 code [0x0000027fe70ff940, 0x0000027fe71003c8]
Event: 6.685 Thread 0x0000027ffe3d9000 2878       3       java.util.concurrent.locks.AbstractQueuedSynchronizer::enq (37 bytes)
Event: 6.689 Thread 0x0000027ffe3d9000 nmethod 2878 0x0000027fe7100810 code [0x0000027fe7100c40, 0x0000027fe7102908]

GC Heap History (6 events):
Event: 1.071 GC heap before
{Heap before GC invocations=0 (full 0):
 garbage-first heap   total 258048K, used 29696K [0x0000000080000000, 0x0000000100000000)
  region size 1024K, 24 young (24576K), 0 survivors (0K)
 Metaspace       used 9847K, capacity 10050K, committed 10112K, reserved 1058816K
  class space    used 1028K, capacity 1102K, committed 1152K, reserved 1048576K
}
Event: 1.077 GC heap after
{Heap after GC invocations=1 (full 0):
 garbage-first heap   total 258048K, used 9395K [0x0000000080000000, 0x0000000100000000)
  region size 1024K, 3 young (3072K), 3 survivors (3072K)
 Metaspace       used 9847K, capacity 10050K, committed 10112K, reserved 1058816K
  class space    used 1028K, capacity 1102K, committed 1152K, reserved 1048576K
}
Event: 3.822 GC heap before
{Heap before GC invocations=1 (full 0):
 garbage-first heap   total 258048K, used 106675K [0x0000000080000000, 0x0000000100000000)
  region size 1024K, 99 young (101376K), 3 survivors (3072K)
 Metaspace       used 20628K, capacity 21112K, committed 21296K, reserved 1069056K
  class space    used 2528K, capacity 2674K, committed 2688K, reserved 1048576K
}
Event: 3.837 GC heap after
{Heap after GC invocations=2 (full 0):
 garbage-first heap   total 258048K, used 16813K [0x0000000080000000, 0x0000000100000000)
  region size 1024K, 11 young (11264K), 11 survivors (11264K)
 Metaspace       used 20628K, capacity 21112K, committed 21296K, reserved 1069056K
  class space    used 2528K, capacity 2674K, committed 2688K, reserved 1048576K
}
Event: 4.566 GC heap before
{Heap before GC invocations=3 (full 0):
 garbage-first heap   total 258048K, used 52653K [0x0000000080000000, 0x0000000100000000)
  region size 1024K, 46 young (47104K), 11 survivors (11264K)
 Metaspace       used 24131K, capacity 24699K, committed 24752K, reserved 1071104K
  class space    used 3082K, capacity 3278K, committed 3328K, reserved 1048576K
}
Event: 4.577 GC heap after
{Heap after GC invocations=4 (full 0):
 garbage-first heap   total 258048K, used 18296K [0x0000000080000000, 0x0000000100000000)
  region size 1024K, 2 young (2048K), 2 survivors (2048K)
 Metaspace       used 24131K, capacity 24699K, committed 24752K, reserved 1071104K
  class space    used 3082K, capacity 3278K, committed 3328K, reserved 1048576K
}

Deoptimization events (20 events):
Event: 6.437 Thread 0x0000027f820f6000 Uncommon trap: trap_request=0xffffff4d fr.pc=0x0000027fee19f5f4 relative=0x0000000000000714
Event: 6.437 Thread 0x0000027f820f6000 Uncommon trap: reason=unstable_if action=reinterpret pc=0x0000027fee19f5f4 method=java.lang.Class.getPackageName()Ljava/lang/String; @ 55 c2
Event: 6.437 Thread 0x0000027f820f6000 DEOPT PACKING pc=0x0000027fee19f5f4 sp=0x000000f5d34f8f90
Event: 6.437 Thread 0x0000027f820f6000 DEOPT UNPACKING pc=0x0000027fe659662f sp=0x000000f5d34f8f50 mode 2
Event: 6.483 Thread 0x0000027f820f6000 Uncommon trap: trap_request=0xffffffc6 fr.pc=0x0000027fee1599e0 relative=0x0000000000000860
Event: 6.484 Thread 0x0000027f820f6000 Uncommon trap: reason=bimorphic_or_optimized_type_check action=maybe_recompile pc=0x0000027fee1599e0 method=java.io.BufferedInputStream.read([BII)I @ 101 c2
Event: 6.484 Thread 0x0000027f820f6000 DEOPT PACKING pc=0x0000027fee1599e0 sp=0x000000f5d34f86d0
Event: 6.484 Thread 0x0000027f820f6000 DEOPT UNPACKING pc=0x0000027fe659662f sp=0x000000f5d34f8688 mode 2
Event: 6.484 Thread 0x0000027f820f6000 Uncommon trap: trap_request=0xffffffc6 fr.pc=0x0000027fee1599e0 relative=0x0000000000000860
Event: 6.484 Thread 0x0000027f820f6000 Uncommon trap: reason=bimorphic_or_optimized_type_check action=maybe_recompile pc=0x0000027fee1599e0 method=java.io.BufferedInputStream.read([BII)I @ 101 c2
Event: 6.484 Thread 0x0000027f820f6000 DEOPT PACKING pc=0x0000027fee1599e0 sp=0x000000f5d34f86d0
Event: 6.484 Thread 0x0000027f820f6000 DEOPT UNPACKING pc=0x0000027fe659662f sp=0x000000f5d34f8688 mode 2
Event: 6.484 Thread 0x0000027f820f6000 Uncommon trap: trap_request=0xffffffc6 fr.pc=0x0000027fee1599e0 relative=0x0000000000000860
Event: 6.484 Thread 0x0000027f820f6000 Uncommon trap: reason=bimorphic_or_optimized_type_check action=maybe_recompile pc=0x0000027fee1599e0 method=java.io.BufferedInputStream.read([BII)I @ 101 c2
Event: 6.484 Thread 0x0000027f820f6000 DEOPT PACKING pc=0x0000027fee1599e0 sp=0x000000f5d34f86d0
Event: 6.485 Thread 0x0000027f820f6000 DEOPT UNPACKING pc=0x0000027fe659662f sp=0x000000f5d34f8688 mode 2
Event: 6.486 Thread 0x0000027f820f6000 Uncommon trap: trap_request=0xffffffc6 fr.pc=0x0000027fee1599e0 relative=0x0000000000000860
Event: 6.486 Thread 0x0000027f820f6000 Uncommon trap: reason=bimorphic_or_optimized_type_check action=maybe_recompile pc=0x0000027fee1599e0 method=java.io.BufferedInputStream.read([BII)I @ 101 c2
Event: 6.486 Thread 0x0000027f820f6000 DEOPT PACKING pc=0x0000027fee1599e0 sp=0x000000f5d34f86d0
Event: 6.486 Thread 0x0000027f820f6000 DEOPT UNPACKING pc=0x0000027fe659662f sp=0x000000f5d34f8688 mode 2

Classes redefined (0 events):
No events

Internal exceptions (20 events):
Event: 5.496 Thread 0x0000027f820f6000 Exception <a 'java/lang/NoSuchMethodError'{0x000000008dda6188}: <clinit>> (0x000000008dda6188) thrown at [./src/hotspot/share/prims/jni.cpp, line 1362]
Event: 5.653 Thread 0x0000027f820f6000 Exception <a 'java/lang/NoSuchMethodError'{0x000000008d1f1de0}: 'java.lang.Object java.lang.invoke.DirectMethodHandle$Holder.invokeSpecialIFC(java.lang.Object, java.lang.Object, java.lang.Object, java.lang.Object)'> (0x000000008d1f1de0) thrown at [./src/hotspot/share/interpreter/linkResolver.cpp, line 773]
Event: 5.667 Thread 0x0000027f820f6000 Exception <a 'java/lang/NoSuchMethodError'{0x000000008d0e1328}: 'java.lang.Object java.lang.invoke.DirectMethodHandle$Holder.invokeSpecial(java.lang.Object, java.lang.Object, java.lang.Object, java.lang.Object, java.lang.Object, java.lang.Object, java.lang.Object, java.lang.Object, java.lang.Object, java.lang.Object, java.lang.Object, java.lang.Object, java.lang.Object)'> (0x000000008d0e1328) thrown at [./src/hotspot/share/interpreter/linkResolver.cpp, line 773]
Event: 5.668 Thread 0x0000027f820f6000 Exception <a 'java/lang/NoSuchMethodError'{0x000000008d0f2188}: 'java.lang.Object java.lang.invoke.DirectMethodHandle$Holder.invokeSpecial(java.lang.Object, java.lang.Object, java.lang.Object, java.lang.Object, java.lang.Object, java.lang.Object, java.lang.Object, java.lang.Object, java.lang.Object, java.lang.Object, java.lang.Object, java.lang.Object)'> (0x000000008d0f2188) thrown at [./src/hotspot/share/interpreter/linkResolver.cpp, line 773]
Event: 5.669 Thread 0x0000027f820f6000 Exception <a 'java/lang/NoSuchMethodError'{0x000000008d0f72b0}: 'java.lang.Object java.lang.invoke.Invokers$Holder.linkToTargetMethod(java.lang.Object, java.lang.Object, java.lang.Object, java.lang.Object, java.lang.Object, java.lang.Object, java.lang.Object, java.lang.Object, java.lang.Object, java.lang.Object, java.lang.Object)'> (0x000000008d0f72b0) thrown at [./src/hotspot/share/interpreter/linkResolver.cpp, line 773]
Event: 5.688 Thread 0x0000027f820f6000 Exception <a 'java/lang/NoSuchMethodError'{0x000000008ce59428}: 'java.lang.Object java.lang.invoke.DirectMethodHandle$Holder.invokeSpecial(java.lang.Object, java.lang.Object, java.lang.Object, java.lang.Object, java.lang.Object, java.lang.Object, java.lang.Object, java.lang.Object, java.lang.Object, java.lang.Object, java.lang.Object, java.lang.Object, java.lang.Object, java.lang.Object)'> (0x000000008ce59428) thrown at [./src/hotspot/share/interpreter/linkResolver.cpp, line 773]
Event: 5.690 Thread 0x0000027f820f6000 Exception <a 'java/lang/NoSuchMethodError'{0x000000008ce6aaa0}: 'java.lang.Object java.lang.invoke.Invokers$Holder.linkToTargetMethod(java.lang.Object, java.lang.Object, java.lang.Object, java.lang.Object, java.lang.Object, java.lang.Object, java.lang.Object, java.lang.Object, java.lang.Object, java.lang.Object, java.lang.Object, java.lang.Object)'> (0x000000008ce6aaa0) thrown at [./src/hotspot/share/interpreter/linkResolver.cpp, line 773]
Event: 5.700 Thread 0x0000027f820f6000 Exception <a 'java/lang/NoSuchMethodError'{0x000000008cd06368}: 'java.lang.Object java.lang.invoke.DirectMethodHandle$Holder.invokeStaticInit(java.lang.Object, java.lang.Object, java.lang.Object, java.lang.Object)'> (0x000000008cd06368) thrown at [./src/hotspot/share/interpreter/linkResolver.cpp, line 773]
Event: 5.860 Thread 0x0000027f820f6000 Implicit null exception at 0x0000027fee11b275 to 0x0000027fee11b43c
Event: 5.860 Thread 0x0000027f820f6000 Implicit null exception at 0x0000027fee1252af to 0x0000027fee12531d
Event: 6.086 Thread 0x0000027f820f6000 Exception <a 'java/lang/NoSuchMethodError'{0x000000008bb11928}: 'java.lang.Object java.lang.invoke.Invokers$Holder.linkToTargetMethod(java.lang.Object, java.lang.Object, java.lang.Object, java.lang.Object, java.lang.Object, java.lang.Object, java.lang.Object, java.lang.Object)'> (0x000000008bb11928) thrown at [./src/hotspot/share/interpreter/linkResolver.cpp, line 773]
Event: 6.092 Thread 0x0000027f820f6000 Exception <a 'java/lang/NoSuchMethodError'{0x000000008bb45ef8}: 'java.lang.Object java.lang.invoke.DirectMethodHandle$Holder.invokeVirtual(java.lang.Object, java.lang.Object, java.lang.Object)'> (0x000000008bb45ef8) thrown at [./src/hotspot/share/interpreter/linkResolver.cpp, line 773]
Event: 6.114 Thread 0x0000027f820f6000 Exception <a 'java/lang/NoSuchMethodError'{0x000000008ba1a928}: 'java.lang.Object java.lang.invoke.Invokers$Holder.linkToTargetMethod(java.lang.Object, java.lang.Object, java.lang.Object, java.lang.Object, java.lang.Object, java.lang.Object, java.lang.Object)'> (0x000000008ba1a928) thrown at [./src/hotspot/share/interpreter/linkResolver.cpp, line 773]
Event: 6.120 Thread 0x0000027f820f6000 Exception <a 'java/lang/IncompatibleClassChangeError'{0x000000008ba58ee0}: Found class java.lang.Object, but interface was expected> (0x000000008ba58ee0) thrown at [./src/hotspot/share/interpreter/linkResolver.cpp, line 839]
Event: 6.182 Thread 0x0000027f820f6000 Exception <a 'java/lang/NoSuchMethodError'{0x000000008b7e8100}: 'int java.lang.invoke.DirectMethodHandle$Holder.invokeVirtual(java.lang.Object, java.lang.Object)'> (0x000000008b7e8100) thrown at [./src/hotspot/share/interpreter/linkResolver.cpp, line 773]
Event: 6.397 Thread 0x0000027f820f6000 Exception <a 'java/lang/NoSuchMethodError'{0x000000008acc5af8}: 'int java.lang.invoke.DirectMethodHandle$Holder.invokeStatic(java.lang.Object, java.lang.Object, java.lang.Object, java.lang.Object, java.lang.Object)'> (0x000000008acc5af8) thrown at [./src/hotspot/share/interpreter/linkResolver.cpp, line 773]
Event: 6.456 Thread 0x0000027f820f6000 Exception <a 'java/lang/NoSuchMethodError'{0x000000008aa7b160}: 'void java.lang.invoke.DirectMethodHandle$Holder.invokeStaticInit(java.lang.Object, java.lang.Object, java.lang.Object, java.lang.Object)'> (0x000000008aa7b160) thrown at [./src/hotspot/share/interpreter/linkResolver.cpp, line 773]
Event: 6.562 Thread 0x0000027f820f6000 Exception <a 'java/lang/NoSuchMethodError'{0x000000008a6af210}: 'void java.lang.invoke.DirectMethodHandle$Holder.invokeStaticInit(java.lang.Object, java.lang.Object, java.lang.Object)'> (0x000000008a6af210) thrown at [./src/hotspot/share/interpreter/linkResolver.cpp, line 773]
Event: 6.567 Thread 0x0000027f820f6000 Exception <a 'java/lang/NoSuchMethodError'{0x000000008a6d4a40}: 'void java.lang.invoke.DirectMethodHandle$Holder.invokeStaticInit(java.lang.Object, java.lang.Object, java.lang.Object, java.lang.Object, java.lang.Object)'> (0x000000008a6d4a40) thrown at [./src/hotspot/share/interpreter/linkResolver.cpp, line 773]
Event: 6.641 Thread 0x0000027f820f6000 Exception <a 'java/lang/NoSuchMethodError'{0x000000008a54bdb0}: 'int java.lang.invoke.DirectMethodHandle$Holder.invokeStaticInit(java.lang.Object, java.lang.Object, java.lang.Object, java.lang.Object)'> (0x000000008a54bdb0) thrown at [./src/hotspot/share/interpreter/linkResolver.cpp, line 773]

Events (20 events):
Event: 6.666 loading class java/lang/ProcessHandle$Info
Event: 6.666 loading class java/lang/ProcessHandle$Info done
Event: 6.668 loading class groovy/lang/GString$1
Event: 6.668 loading class groovy/lang/GString$1 done
Event: 6.668 loading class groovy/lang/StringWriterIOException
Event: 6.668 loading class groovy/lang/StringWriterIOException done
Event: 6.669 loading class java/io/UnsupportedEncodingException
Event: 6.669 loading class java/io/UnsupportedEncodingException done
Event: 6.671 loading class org/codehaus/groovy/runtime/DefaultGroovyMethods
Event: 6.671 loading class org/codehaus/groovy/runtime/DefaultGroovyMethods done
Event: 6.687 loading class java/lang/ArrayIndexOutOfBoundsException
Event: 6.687 loading class java/lang/ArrayIndexOutOfBoundsException done
Event: 6.692 loading class org/codehaus/groovy/runtime/metaclass/MissingPropertyExceptionNoStack
Event: 6.692 loading class org/codehaus/groovy/runtime/metaclass/MissingPropertyExceptionNoStack done
Event: 6.694 loading class org/codehaus/groovy/runtime/DefaultGroovyMethods$1
Event: 6.694 loading class org/codehaus/groovy/runtime/DefaultGroovyMethods$1 done
Event: 6.695 loading class groovy/io/GroovyPrintWriter
Event: 6.695 loading class groovy/io/GroovyPrintWriter done
Event: 6.698 loading class org/codehaus/groovy/runtime/typehandling/GroovyCastException
Event: 6.698 loading class org/codehaus/groovy/runtime/typehandling/GroovyCastException done


Dynamic libraries:
0x00007ff757460000 - 0x00007ff75746a000 	C:\Program Files\Android\Android Studio\jre\bin\java.exe
0x00007ffeb2170000 - 0x00007ffeb2368000 	C:\Windows\SYSTEM32\ntdll.dll
0x00007ffeb0f30000 - 0x00007ffeb0fef000 	C:\Windows\System32\KERNEL32.DLL
0x00007ffeafab0000 - 0x00007ffeafda6000 	C:\Windows\System32\KERNELBASE.dll
0x00007ffeb00d0000 - 0x00007ffeb01d0000 	C:\Windows\System32\ucrtbase.dll
0x00007ffea5720000 - 0x00007ffea5739000 	C:\Program Files\Android\Android Studio\jre\bin\jli.dll
0x00007ffe9aa60000 - 0x00007ffe9aa77000 	C:\Program Files\Android\Android Studio\jre\bin\VCRUNTIME140.dll
0x00007ffeb1290000 - 0x00007ffeb142d000 	C:\Windows\System32\USER32.dll
0x00007ffeaff60000 - 0x00007ffeaff82000 	C:\Windows\System32\win32u.dll
0x00007ffe8e910000 - 0x00007ffe8ebaa000 	C:\Windows\WinSxS\amd64_microsoft.windows.common-controls_6595b64144ccf1df_6.0.19041.1110_none_60b5254171f9507e\COMCTL32.dll
0x00007ffeb01d0000 - 0x00007ffeb01fc000 	C:\Windows\System32\GDI32.dll
0x00007ffeb1d30000 - 0x00007ffeb1dce000 	C:\Windows\System32\msvcrt.dll
0x00007ffeaf8f0000 - 0x00007ffeafa05000 	C:\Windows\System32\gdi32full.dll
0x00007ffeafa10000 - 0x00007ffeafaad000 	C:\Windows\System32\msvcp_win.dll
0x00007ffeb1440000 - 0x00007ffeb1470000 	C:\Windows\System32\IMM32.DLL
0x00007ffe7b120000 - 0x00007ffe7b1bd000 	C:\Program Files\Android\Android Studio\jre\bin\msvcp140.dll
0x00007ffe67ae0000 - 0x00007ffe685b5000 	C:\Program Files\Android\Android Studio\jre\bin\server\jvm.dll
0x00007ffeb1bb0000 - 0x00007ffeb1c5f000 	C:\Windows\System32\ADVAPI32.dll
0x00007ffeb0200000 - 0x00007ffeb029c000 	C:\Windows\System32\sechost.dll
0x00007ffeb0b10000 - 0x00007ffeb0c36000 	C:\Windows\System32\RPCRT4.dll
0x00007ffeb0aa0000 - 0x00007ffeb0aa8000 	C:\Windows\System32\PSAPI.DLL
0x00007ffe93420000 - 0x00007ffe93447000 	C:\Windows\SYSTEM32\WINMM.dll
0x00007ffea3000000 - 0x00007ffea300a000 	C:\Windows\SYSTEM32\VERSION.dll
0x00007ffea5750000 - 0x00007ffea5759000 	C:\Windows\SYSTEM32\WSOCK32.dll
0x00007ffeb0d20000 - 0x00007ffeb0d8b000 	C:\Windows\System32\WS2_32.dll
0x00007ffeae0a0000 - 0x00007ffeae0b2000 	C:\Windows\SYSTEM32\kernel.appcore.dll
0x00007ffea55d0000 - 0x00007ffea55e1000 	C:\Program Files\Android\Android Studio\jre\bin\verify.dll
0x00007ffead3e0000 - 0x00007ffead5c4000 	C:\Windows\SYSTEM32\DBGHELP.DLL
0x00007ffe95750000 - 0x00007ffe95784000 	C:\Windows\SYSTEM32\dbgcore.DLL
0x00007ffeb0040000 - 0x00007ffeb00c2000 	C:\Windows\System32\bcryptPrimitives.dll
0x00007ffea4690000 - 0x00007ffea46b9000 	C:\Program Files\Android\Android Studio\jre\bin\java.dll
0x00007ffea5c20000 - 0x00007ffea5c2b000 	C:\Program Files\Android\Android Studio\jre\bin\jimage.dll
0x00007ffea21a0000 - 0x00007ffea21b8000 	C:\Program Files\Android\Android Studio\jre\bin\zip.dll
0x00007ffeb02a0000 - 0x00007ffeb09e4000 	C:\Windows\System32\SHELL32.dll
0x00007ffead8f0000 - 0x00007ffeae083000 	C:\Windows\SYSTEM32\windows.storage.dll
0x00007ffeb1dd0000 - 0x00007ffeb2124000 	C:\Windows\System32\combase.dll
0x00007ffeaf2b0000 - 0x00007ffeaf2de000 	C:\Windows\SYSTEM32\Wldp.dll
0x00007ffeb1b00000 - 0x00007ffeb1bad000 	C:\Windows\System32\SHCORE.dll
0x00007ffeb0ab0000 - 0x00007ffeb0b05000 	C:\Windows\System32\shlwapi.dll
0x00007ffeaf790000 - 0x00007ffeaf7af000 	C:\Windows\SYSTEM32\profapi.dll
0x00007ffe9ae40000 - 0x00007ffe9ae5a000 	C:\Program Files\Android\Android Studio\jre\bin\net.dll
0x00007ffeaa230000 - 0x00007ffeaa33a000 	C:\Windows\SYSTEM32\WINHTTP.dll
0x00007ffeaf010000 - 0x00007ffeaf07a000 	C:\Windows\system32\mswsock.dll
0x00007ffe9ae20000 - 0x00007ffe9ae34000 	C:\Program Files\Android\Android Studio\jre\bin\nio.dll
0x00007ffe9aa80000 - 0x00007ffe9aaa7000 	C:\Users\anike\.gradle\native\e1d6ef7f7dcc3fd88c89a11ec53ec762bb8ba0a96d01ffa2cd45eb1d1d8dd5c5\windows-amd64\native-platform.dll
0x00007ffe7aab0000 - 0x00007ffe7abf4000 	C:\Users\anike\.gradle\native\5664cfc778a61ccfe75a443a1ab52a65af34e5dc3c78e0209fed803814484fcb\windows-amd64\native-platform-file-events.dll
0x00007ffea5710000 - 0x00007ffea571a000 	C:\Program Files\Android\Android Studio\jre\bin\management.dll
0x00007ffea5510000 - 0x00007ffea551d000 	C:\Program Files\Android\Android Studio\jre\bin\management_ext.dll
0x00007ffeaf200000 - 0x00007ffeaf218000 	C:\Windows\SYSTEM32\CRYPTSP.dll
0x00007ffeae8c0000 - 0x00007ffeae8f4000 	C:\Windows\system32\rsaenh.dll
0x00007ffeaf8c0000 - 0x00007ffeaf8e7000 	C:\Windows\System32\bcrypt.dll
0x00007ffeaf750000 - 0x00007ffeaf77e000 	C:\Windows\SYSTEM32\USERENV.dll
0x00007ffeaf220000 - 0x00007ffeaf22c000 	C:\Windows\SYSTEM32\CRYPTBASE.dll
0x00007ffeaecb0000 - 0x00007ffeaecec000 	C:\Windows\SYSTEM32\IPHLPAPI.DLL
0x00007ffeb1c60000 - 0x00007ffeb1c68000 	C:\Windows\System32\NSI.dll
0x00007ffea3ac0000 - 0x00007ffea3ad7000 	C:\Windows\SYSTEM32\dhcpcsvc6.DLL
0x00007ffea4ad0000 - 0x00007ffea4aed000 	C:\Windows\SYSTEM32\dhcpcsvc.DLL
0x00007ffeaecf0000 - 0x00007ffeaedbb000 	C:\Windows\SYSTEM32\DNSAPI.dll

dbghelp: loaded successfully - version: 4.0.5 - missing functions: none
symbol engine: initialized successfully - sym options: 0x614 - pdb path: .;C:\Program Files\Android\Android Studio\jre\bin;C:\Windows\SYSTEM32;C:\Windows\WinSxS\amd64_microsoft.windows.common-controls_6595b64144ccf1df_6.0.19041.1110_none_60b5254171f9507e;C:\Program Files\Android\Android Studio\jre\bin\server;C:\Users\anike\.gradle\native\e1d6ef7f7dcc3fd88c89a11ec53ec762bb8ba0a96d01ffa2cd45eb1d1d8dd5c5\windows-amd64;C:\Users\anike\.gradle\native\5664cfc778a61ccfe75a443a1ab52a65af34e5dc3c78e0209fed803814484fcb\windows-amd64

VM Arguments:
jvm_args: --add-opens=java.base/java.util=ALL-UNNAMED --add-opens=java.base/java.lang=ALL-UNNAMED --add-opens=java.base/java.lang.invoke=ALL-UNNAMED --add-opens=java.base/java.util=ALL-UNNAMED --add-opens=java.prefs/java.util.prefs=ALL-UNNAMED --add-opens=java.prefs/java.util.prefs=ALL-UNNAMED --add-opens=java.base/java.nio.charset=ALL-UNNAMED --add-opens=java.base/java.net=ALL-UNNAMED --add-opens=java.base/java.util.concurrent.atomic=ALL-UNNAMED -Xmx2048m -Dfile.encoding=UTF-8 -Duser.country=US -Duser.language=en -Duser.variant 
java_command: org.gradle.launcher.daemon.bootstrap.GradleDaemon 7.2
java_class_path (initial): C:\Users\anike\.gradle\wrapper\dists\gradle-7.2-bin\2dnblmf4td7x66yl1d74lt32g\gradle-7.2\lib\gradle-launcher-7.2.jar
Launcher Type: SUN_STANDARD

[Global flags]
     intx CICompilerCount                          = 4                                         {product} {ergonomic}
     uint ConcGCThreads                            = 3                                         {product} {ergonomic}
     uint G1ConcRefinementThreads                  = 10                                        {product} {ergonomic}
   size_t G1HeapRegionSize                         = 1048576                                   {product} {ergonomic}
    uintx GCDrainStackTargetSize                   = 64                                        {product} {ergonomic}
   size_t InitialHeapSize                          = 264241152                                 {product} {ergonomic}
   size_t MarkStackSize                            = 4194304                                   {product} {ergonomic}
   size_t MaxHeapSize                              = 2147483648                                {product} {command line}
   size_t MaxNewSize                               = 1287651328                                {product} {ergonomic}
   size_t MinHeapDeltaBytes                        = 1048576                                   {product} {ergonomic}
    uintx NonNMethodCodeHeapSize                   = 5836300                                {pd product} {ergonomic}
    uintx NonProfiledCodeHeapSize                  = 122910970                              {pd product} {ergonomic}
    uintx ProfiledCodeHeapSize                     = 122910970                              {pd product} {ergonomic}
    uintx ReservedCodeCacheSize                    = 251658240                              {pd product} {ergonomic}
     bool SegmentedCodeCache                       = true                                      {product} {ergonomic}
     bool UseCompressedClassPointers               = true                                 {lp64_product} {ergonomic}
     bool UseCompressedOops                        = true                                 {lp64_product} {ergonomic}
     bool UseG1GC                                  = true                                      {product} {ergonomic}
     bool UseLargePagesIndividualAllocation        = false                                  {pd product} {ergonomic}

Logging:
Log output configuration:
 #0: stdout all=warning uptime,level,tags
 #1: stderr all=off uptime,level,tags

Environment Variables:
PATH=C:\Program Files\Common Files\Oracle\Java\javapath;C:\Windows\system32;C:\Windows;C:\Windows\System32\Wbem;C:\Windows\System32\WindowsPowerShell\v1.0\;C:\Windows\System32\OpenSSH\;C:\Program Files\Java\jdk-18\bin;C:\Program Files\Git\cmd;C:\Program Files\flutter\bin;C:\Program Files\MySQL\MySQL Shell 8.0\bin\;C:\Users\anike\AppData\Local\Microsoft\WindowsApps;C:\Users\anike\AppData\Local\Programs\Microsoft VS Code\bin;C:\Flutter\flutter\bin;
USERNAME=anike
OS=Windows_NT
PROCESSOR_IDENTIFIER=Intel64 Family 6 Model 166 Stepping 0, GenuineIntel



---------------  S Y S T E M  ---------------

OS: Windows 10 , 64 bit Build 19041 (10.0.19041.2913)
OS uptime: 0 days 21:17 hours

CPU:total 12 (initial active 12) (6 cores per cpu, 2 threads per core) family 6 model 166 stepping 0 microcode 0xe8, cmov, cx8, fxsr, mmx, sse, sse2, sse3, ssse3, sse4.1, sse4.2, popcnt, avx, avx2, aes, clmul, erms, 3dnowpref, lzcnt, ht, tsc, tscinvbit, bmi1, bmi2, adx, fma

Memory: 4k page, system-wide physical 16051M (4067M free)
TotalPageFile size 33351M (AvailPageFile size 5M)
current process WorkingSet (physical memory assigned to process): 290M, peak: 290M
current process commit charge ("private bytes"): 451M, peak: 452M

vm_info: OpenJDK 64-Bit Server VM (11.0.11+9-b60-7590822) for windows-amd64 JRE (11.0.11+9-b60-7590822), built on Jul 29 2021 21:43:44 by "builder" with MS VC++ 14.0 (VS2015)

END.
